TN:
SF:src\components\taskList\index.tsx
FN:6,(anonymous_0)
FN:9,(anonymous_1)
FN:13,(anonymous_2)
FN:24,(anonymous_3)
FN:25,(anonymous_4)
FN:27,(anonymous_5)
FNF:6
FNH:3
FNDA:6,(anonymous_0)
FNDA:0,(anonymous_1)
FNDA:0,(anonymous_2)
FNDA:1,(anonymous_3)
FNDA:1,(anonymous_4)
FNDA:0,(anonymous_5)
DA:6,2
DA:7,6
DA:9,6
DA:10,0
DA:13,0
DA:21,6
DA:24,1
DA:26,1
DA:27,0
LF:9
LH:6
BRF:0
BRH:0
end_of_record
TN:
SF:src\components\taskList\taskList-style.ts
FNF:0
FNH:0
DA:3,2
LF:1
LH:1
BRF:0
BRH:0
end_of_record
TN:
SF:src\context\tasksContext.tsx
FN:31,(anonymous_0)
FN:34,(anonymous_1)
FN:38,(anonymous_2)
FN:43,(anonymous_3)
FN:56,(anonymous_4)
FN:58,(anonymous_5)
FNF:6
FNH:4
FNDA:8,(anonymous_0)
FNDA:4,(anonymous_1)
FNDA:4,(anonymous_2)
FNDA:2,(anonymous_3)
FNDA:0,(anonymous_4)
FNDA:0,(anonymous_5)
DA:25,2
DA:29,2
DA:31,2
DA:32,8
DA:34,8
DA:35,4
DA:38,8
DA:39,4
DA:40,4
DA:43,8
DA:44,2
DA:45,2
DA:49,2
DA:50,2
DA:52,0
DA:56,8
DA:57,0
DA:58,0
DA:59,0
DA:60,0
DA:62,0
DA:66,8
LF:22
LH:16
BRDA:40,0,0,4
BRDA:40,0,1,2
BRF:2
BRH:2
end_of_record
TN:
SF:src\pages\home\home-style.ts
FNF:0
FNH:0
DA:3,2
LF:1
LH:1
BRF:0
BRH:0
end_of_record
TN:
SF:src\pages\home\index.tsx
FN:13,(anonymous_0)
FN:22,(anonymous_1)
FN:29,(anonymous_2)
FNF:3
FNH:3
FNDA:6,(anonymous_0)
FNDA:1,(anonymous_1)
FNDA:1,(anonymous_2)
DA:13,2
DA:14,6
DA:15,6
DA:17,6
DA:22,1
DA:29,1
LF:6
LH:6
BRF:0
BRH:0
end_of_record
